

Transaction Number   ----    114251265940
=============================================
Date                 ----    06-09-2024
Time                 ----    11:42:51:26
Total Items          ----    1
Total                ----    20
Paying Cash          ----    20
Card Type            ----    Discover
Account Number       ----    6011000990139424
Change Givin         ----    10





Transaction Number   ----    114754798681
=============================================
Date                 ----    06-09-2024
Time                 ----    11:47:54:79
Total Items          ----    1
Total                ----    10
Paying Cash          ----    0
Card Type            ----    Discover
Account Number       ----    6011000990139424
Change Givin         ----    10





Transaction Number   ----    114835075769
=============================================
Date                 ----    06-09-2024
Time                 ----    11:48:35:07
Total Items          ----    1
Total                ----    10
Paying Cash          ----    0
Card Type            ----    Discover
Account Number       ----    6011000990139424
Change Givin         ----    0





Transaction Number   ----    114852991201
=============================================
Date                 ----    06-09-2024
Time                 ----    11:48:52:99
Total Items          ----    1
Total                ----    10
Paying Cash          ----    10
Card Type            ----    Discover
Account Number       ----    6011000990139424
Change Givin         ----    3.33





Transaction Number   ----    115033599751
=============================================
Date                 ----    06-09-2024
Time                 ----    11:50:33:59
Total Items          ----    1
Total                ----    10
Paying Cash          ----    20
Card Type            ----    N/A
Account Number       ----    378282246310005
Change Givin         ----    10





Transaction Number   ----    115613911888
=============================================
Date                 ----    06-09-2024
Time                 ----    11:56:13:91
Total Items          ----    1
Total                ----    10
Paying Cash          ----    10
Card Type            ----    N/A
Account Number       ----    N/A
Change Givin         ----    2





Transaction Number   ----    115634761231
=============================================
Date                 ----    06-09-2024
Time                 ----    11:56:34:76
Total Items          ----    1
Total                ----    10
Paying Cash          ----    10
Card Type            ----    N/A
Account Number       ----    N/A
Change Givin         ----    2





Transaction Number   ----    115821282454
=============================================
Date                 ----    06-09-2024
Time                 ----    11:58:21:28
Total Items          ----    1
Total                ----    10
Paying Cash          ----    10
Card Type            ----    N/A
Account Number       ----    N/A
Change Givin         ----    2





Transaction Number   ----    115915586363
=============================================
Date                 ----    06-09-2024
Time                 ----    11:59:15:58
Total Items          ----    1
Total                ----    10
Paying Cash          ----    0
Card Type            ----    Master
Account Number       ----    5555555555554444
Change Givin         ----    10





Transaction Number   ----    120211977175
=============================================
Date                 ----    06-09-2024
Time                 ----    12:02:11:97
Total Items          ----    1
Total                ----    10
Paying Cash          ----    2
Card Type            ----    Master
Account Number       ----    5555555555554444
Change Givin         ----    10





Transaction Number   ----    120229544266
=============================================
Date                 ----    06-09-2024
Time                 ----    12:02:29:54
Total Items          ----    1
Total                ----    10
Paying Cash          ----    1
Card Type            ----    N/A
Account Number       ----    N/A
Change Givin         ----    0





Transaction Number   ----    120347455085
=============================================
Date                 ----    06-09-2024
Time                 ----    12:03:47:45
Total Items          ----    1
Total                ----    100
Paying Cash          ----    50
Card Type            ----    N/A
Account Number       ----    N/A
Change Givin         ----    0





Transaction Number   ----    120449445663
=============================================
Date                 ----    06-09-2024
Time                 ----    12:04:49:44
Total Items          ----    1
Total                ----    10
Paying Cash          ----    2
Card Type            ----    N/A
Account Number       ----    N/A
Change Givin         ----    0





Transaction Number   ----    120506538900
=============================================
Date                 ----    06-09-2024
Time                 ----    12:05:06:53
Total Items          ----    1
Total                ----    10
Paying Cash          ----    10
Card Type            ----    N/A
Account Number       ----    N/A
Change Givin         ----    2





Transaction Number   ----    120621792816
=============================================
Date                 ----    06-09-2024
Time                 ----    12:06:21:79
Total Items          ----    1
Total                ----    10
Paying Cash          ----    0
Card Type            ----    Master
Account Number       ----    5555555555554444
Change Givin         ----    10





Transaction Number   ----    120725352805
=============================================
Date                 ----    06-09-2024
Time                 ----    12:07:25:35
Total Items          ----    1
Total                ----    10
Paying Cash          ----    2
Card Type            ----    Master
Account Number       ----    5555555555554444
Change Givin         ----    10





Transaction Number   ----    121225462398
=============================================
Date                 ----    06-09-2024
Time                 ----    12:12:25:46
Total Items          ----    1
Total                ----    10
Paying Cash          ----    10
Card Type            ----    Master
Account Number       ----    5555555555554444
Change Givin         ----    2.5





Transaction Number   ----    121238078172
=============================================
Date                 ----    06-09-2024
Time                 ----    12:12:38:07
Total Items          ----    1
Total                ----    10
Paying Cash          ----    10
Card Type            ----    Master
Account Number       ----    5555555555554444
Change Givin         ----    6





Transaction Number   ----    121255456434
=============================================
Date                 ----    06-09-2024
Time                 ----    12:12:55:45
Total Items          ----    1
Total                ----    10
Paying Cash          ----    5
Card Type            ----    Master
Account Number       ----    5555555555554444
Change Givin         ----    5





Transaction Number   ----    121434093608
=============================================
Date                 ----    06-09-2024
Time                 ----    12:14:34:09
Total Items          ----    1
Total                ----    10
Paying Cash          ----    10
Card Type            ----    Master
Account Number       ----    5555555555554444
Change Givin         ----    7.5





Transaction Number   ----    12392026422232
==============================================
Date                 ----    06-09-2024
Time                 ----    12:39:20:26
Total Items          ----    3
Total                ----    50.25
Paying Cash          ----    50
Card Type            ----    Visa
Account Number       ----    4111111111111111
Change Givin         ----    20





Transaction Number   ----    1241304852829184
==============================================
Date                 ----    06-09-2024
Time                 ----    12:41:30:48:PM
Total Items          ----    3
Total                ----    26.25
Paying Cash          ----    50
Card Type            ----    N/A
Account Number       ----    N/A
Change Givin         ----    23.75





Transaction Number   ----    1242411402271035
==============================================
Date                 ----    06-09-2024
Time                 ----    12:42:41
Total Items          ----    PM
Total                ----    3
Paying Cash          ----    18.65
Card Type            ----    20
Account Number       ----    N/A
Change Givin         ----    N/A





Transaction Number   ----    1243238860975760
==============================================
Date                 ----    06-09-2024
Time                 ----    12:43:23PM
Total Items          ----    3
Total                ----    18.45
Paying Cash          ----    20
Card Type            ----    N/A
Account Number       ----    N/A
Change Givin         ----    1.5500000000000007





Transaction Number   ----    1245237143538822
==============================================
Date                 ----    06-09-2024
Time                 ----    12:45:23PM
Total Items          ----    2
Total                ----    10.55
Paying Cash          ----    20
Card Type            ----    N/A
Account Number       ----    N/A
Change Givin         ----    9.45





Transaction Number   ----    1246070258480334
==============================================
Date                 ----    06-09-2024
Time                 ----    12:46:07PM
Total Items          ----    1
Total                ----    10.02
Paying Cash          ----    20
Card Type            ----    N/A
Account Number       ----    N/A
Change Givin         ----    9.98





Transaction Number   ----    1246168883586078
==============================================
Date                 ----    06-09-2024
Time                 ----    12:46:16PM
Total Items          ----    1
Total                ----    10.25
Paying Cash          ----    0
Card Type            ----    Visa
Account Number       ----    4111111111111111
Change Givin         ----    20





Transaction Number   ----    1248072236209787
==============================================
Date                 ----    06-09-2024
Time                 ----    12:48:07PM
Total Items          ----    1
Total                ----    10.25
Paying Cash          ----    2
Card Type            ----    N/A
Account Number       ----    N/A
Change Givin         ----    0





Transaction Number   ----    1248428813782671
==============================================
Date                 ----    06-09-2024
Time                 ----    12:48:42PM
Total Items          ----    1
Total                ----    10
Paying Cash          ----    0
Card Type            ----    Visa
Account Number       ----    4111111111111111
Change Givin         ----    10





Transaction Number   ----    1248562676783305
==============================================
Date                 ----    06-09-2024
Time                 ----    12:48:56PM
Total Items          ----    1
Total                ----    10.25
Paying Cash          ----    2
Card Type            ----    Visa
Account Number       ----    4111111111111111
Change Givin         ----    5





Transaction Number   ----    1249133257542993
==============================================
Date                 ----    06-09-2024
Time                 ----    12:49:13PM
Total Items          ----    1
Total                ----    10.25
Paying Cash          ----    10
Card Type            ----    Visa
Account Number       ----    4111111111111111
Change Givin         ----    1.8





Transaction Number   ----    1250160777175189
==============================================
Date                 ----    06-09-2024
Time                 ----    12:50:16PM
Total Items          ----    1
Total                ----    10.25
Paying Cash          ----    2
Card Type            ----    Visa
Account Number       ----    4111111111111111
Change Givin         ----    0





Transaction Number   ----    1251232588407726
==============================================
Date                 ----    06-09-2024
Time                 ----    12:51:23PM
Total Items          ----    1
Total                ----    10.25
Paying Cash          ----    10
Card Type            ----    Visa
Account Number       ----    4111111111111111
Change Givin         ----    5





Transaction Number   ----    1255397036781983
==============================================
Date                 ----    06-09-2024
Time                 ----    12:55:39PM
Total Items          ----    1
Total                ----    10.25
Paying Cash          ----    5
Card Type            ----    Visa
Account Number       ----    4111111111111111
Change Givin         ----    5





Transaction Number   ----    0102041191266930
==============================================
Date                 ----    06-09-2024
Time                 ----    01:02:04PM
Total Items          ----    1
Total                ----    10.25
Paying Cash          ----    10
Card Type            ----    Visa
Account Number       ----    4111111111111111
Change Givin         ----    1.75





Transaction Number   ----    0104109267725175
==============================================
Date                 ----    06-09-2024
Time                 ----    01:04:10PM
Total Items          ----    1
Total                ----    10.25
Paying Cash          ----    10
Card Type            ----    Visa
Account Number       ----    4111111111111111
Change Givin         ----    3.81





Transaction Number   ----    0106272824509127
==============================================
Date                 ----    06-09-2024
Time                 ----    01:06:27PM
Total Items          ----    1
Total                ----    10.25
Paying Cash          ----    10
Card Type            ----    Visa
Account Number       ----    4111111111111111
Change Givin         ----    4.5





Transaction Number   ----    0112479346274051
==============================================
Date                 ----    06-09-2024
Time                 ----    01:12:47PM
Total Items          ----    5
Total                ----    49
Paying Cash          ----    50
Card Type            ----    N/A
Account Number       ----    N/A
Change Givin         ----    1





Transaction Number   ----    0114240605590837
==============================================
Date                 ----    06-09-2024
Time                 ----    01:14:24PM
Total Items          ----    4
Total                ----    14
Paying Cash          ----    20
Card Type            ----    N/A
Account Number       ----    N/A
Change Givin         ----    11





Transaction Number   ----    0116492746372018
==============================================
Date                 ----    06-09-2024
Time                 ----    01:16:49PM
Total Items          ----    1
Total                ----    8
Paying Cash          ----    10
Card Type            ----    N/A
Account Number       ----    N/A
Change Givin         ----    2





Transaction Number   ----    0119086591641603
==============================================
Date                 ----    06-09-2024
Time                 ----    01:19:08PM
Total Items          ----    1
Total                ----    10.25
Paying Cash          ----    20
Card Type            ----    N/A
Account Number       ----    N/A
Change Givin         ----    9.75



