Transaction Number -      02:48:57:80System.Random
============================================
Date               -      06-07-2024
Time               -      02:48:57:80
Item Cost          -      0
Total              -      2
Paying Cash        -      10
Card Type          -      N/A
Account Number     -      N/A
Change Givin       -      0
Transaction Number   -      04:10:55:145036
============================================
Date                 -      06-07-2024
Time                 -      04:10:55:14
Item Cost            -      0
Total                -      10
Paying Cash          -      50
Card Type            -      N/A
Account Number       -      N/A
Change Givin         -      40
Transaction Number   -      04:16:46:274318
============================================
Date                 -      06-07-2024
Time                 -      04:16:46:27
Item Cost            -      0
Total                -      10
Paying Cash          -      20
Card Type            -      N/A
Account Number       -      N/A
Change Givin         -      10
Transaction Number   -      04:18:21:679372
============================================
Date                 -      06-07-2024
Time                 -      04:18:21:67
Item Cost            -      0
Total                -      10
Paying Cash          -      20
Card Type            -      N/A
Account Number       -      N/A
Change Givin         -      10
Transaction Number   -      04:19:00:331263
============================================
Date                 -      06-07-2024
Time                 -      04:19:00:33
Item Cost            -      0
Total                -      20
Paying Cash          -      50
Card Type            -      N/A
Account Number       -      N/A
Change Givin         -      30
Transaction Number   -      04:21:49:355427
============================================
Date                 -      06-07-2024
Time                 -      04:21:49:35
Item 1 Cost            -      0
Total                -      10
Paying Cash          -      20
Card Type            -      N/A
Account Number       -      N/A
Change Givin         -      10
Transaction Number   -      04:23:21:016654
============================================
Date                 -      06-07-2024
Time                 -      04:23:21:01
Item 1 Cost            -      0
Total                -      10
Paying Cash          -      20
Card Type            -      N/A
Account Number       -      N/A
Change Givin         -      10
Transaction Number   -      04:23:56:291746
============================================
Date                 -      06-07-2024
Time                 -      04:23:56:29
Item -1 Cost          -      0
Total                -      20
Paying Cash          -      50
Card Type            -      N/A
Account Number       -      N/A
Change Givin         -      30
Transaction Number   -      04:25:33:691657
============================================
Date                 -      06-07-2024
Time                 -      04:25:33:69
Item 1 Cost          -      0
Total                -      1
Paying Cash          -      5
Card Type            -      N/A
Account Number       -      N/A
Change Givin         -      4
Transaction Number   -      04:41:08:642340
============================================
Date                 -      06-07-2024
Time                 -      04:41:08:64
Item Cost            -      3
Total                -      30.25
Paying Cash          -      50
Card Type            -      N/A
Account Number       -      N/A
Change Givin         -      19.75
Transaction Number   -      04:43:45:325098
============================================
Date                 -      06-07-2024
Time                 -      04:43:45:32
Total Items          -      1
Total                -      10
Paying Cash          -      0
Card Type            -      Visa
Account Number       -      Card
Change Givin         -      4111111111111111



Transaction Number   -      04:49:16:643504
============================================
Date                 -      06-07-2024
Time                 -      04:49:16:64
Total Items          -      1
Total                -      10
Paying Cash          -      0
Card Type            -      Visa
Account Number       -      Card
Change Givin         -      4111111111111111



Transaction Number   -      04:51:01:604972
============================================
Date                 -      06-07-2024
Time                 -      04:51:01:60
Total Items          -      1
Total                -      10
Paying Cash          -      10
Card Type            -      N/A
Account Number       -      N/A
Change Givin         -      0



Transaction Number   -      04:57:13:618217
============================================
Date                 -      06-07-2024
Time                 -      04:57:13:61
Total Items          -      1
Total                -      10
Paying Cash          -      0
Card Type            -      Visa
Account Number       -      Card
Change Givin         -      4111111111111111





Transaction Number   -      05:07:41:589691
============================================
Date                 -      06-07-2024
Time                 -      05:07:41:58
Total Items          -      1
Total                -      10
Paying Cash          -      0
Card Type            -      Visa
Account Number       -      Card
Change Givin         -      4111111111111111





Transaction Number   -      05:11:02:989478
============================================
Date                 -      06-07-2024
Time                 -      05:11:02:98
Total Items          -      1
Total                -      10
Paying Cash          -      20
Card Type            -      N/A
Account Number       -      N/A
Change Givin         -      10





Transaction Number   -      05:11:33:929415
============================================
Date                 -      06-07-2024
Time                 -      05:11:33:92
Total Items          -      1
Total                -      10
Paying Cash          -      20
Card Type            -      N/A
Account Number       -      N/A
Change Givin         -      10





Transaction Number   -      05:14:41:909964
============================================
Date                 -      06-07-2024
Time                 -      05:14:41:90
Total Items          -      1
Total                -      50
Paying Cash          -      0
Card Type            -      Discover
Account Number       -      Card
Change Givin         -      6011000990139424





Transaction Number   -      05:20:26:469859
============================================
Date                 -      06-07-2024
Time                 -      05:20:26:46
Total Items          -      1
Total                -      100
Paying Cash          -      100
Card Type            -      N/A
Account Number       -      N/A
Change Givin         -      20





Transaction Number   -      05:24:51:456125
============================================
Date                 -      06-07-2024
Time                 -      05:24:51:45
Total Items          -      1
Total                -      100
Paying Cash          -      100
Card Type            -      Visa
Account Number       -      Card
Change Givin         -      4111111111111111





Transaction Number   -      05:30:58:024210
============================================
Date                 -      06-07-2024
Time                 -      05:30:58:02
Total Items          -      1
Total                -      5
Paying Cash          -      10
Card Type            -      N/A
Account Number       -      N/A
Change Givin         -      5





Transaction Number   -      05:36:09:086430
============================================
Date                 -      06-07-2024
Time                 -      05:36:09:08
Total Items          -      1
Total                -      17
Paying Cash          -      0
Card Type            -      Visa
Account Number       -      Card
Change Givin         -      4111111111111111





Transaction Number   -      05:40:54:414358
============================================
Date                 -      06-07-2024
Time                 -      05:40:54:41
Total Items          -      1
Total                -      10
Paying Cash          -      0
Card Type            -      Visa
Account Number       -      4111111111111111
Change Givin         -      0





Transaction Number   -      06:17:28:392464
============================================
Date                 -      06-07-2024
Time                 -      06:17:28:39
Total Items          -      1
Total                -      100
Paying Cash          -      100
Card Type            -      N/A
Account Number       -      N/A
Change Givin         -      20





Transaction Number   -      06:17:51:311982
============================================
Date                 -      06-07-2024
Time                 -      06:17:51:31
Total Items          -      1
Total                -      100
Paying Cash          -      100
Card Type            -      N/A
Account Number       -      N/A
Change Givin         -      20





Transaction Number   -      06:21:17:007388
============================================
Date                 -      06-07-2024
Time                 -      06:21:17:00
Total Items          -      1
Total                -      100
Paying Cash          -      100
Card Type            -      N/A
Account Number       -      N/A
Change Givin         -      20





Transaction Number   -      06:21:44:498420
============================================
Date                 -      06-07-2024
Time                 -      06:21:44:49
Total Items          -      1
Total                -      100
Paying Cash          -      0
Card Type            -      Visa
Account Number       -      4111111111111111
Change Givin         -      20





Transaction Number   -      062611033230
============================================
Date                 -      06-07-2024
Time                 -      06:26:11:03
Total Items          -      1
Total                -      100
Paying Cash          -      100
Card Type            -      N/A
Account Number       -      N/A
Change Givin         -      0





Transaction Number   ----    065413603460
=============================================
Date                 ----    06-07-2024
Time                 ----    06:54:13:60
Total Items          ----    1
Total                ----    100
Paying Cash          ----    100
Card Type            ----    N/A
Account Number       ----    N/A
Change Givin         ----    20





Transaction Number   ----    065450159496
=============================================
Date                 ----    06-07-2024
Time                 ----    06:54:50:15
Total Items          ----    1
Total                ----    100
Paying Cash          ----    100
Card Type            ----    N/A
Account Number       ----    N/A
Change Givin         ----    20





Transaction Number   ----    065806746513
=============================================
Date                 ----    06-07-2024
Time                 ----    06:58:06:74
Total Items          ----    3
Total                ----    211.85
Paying Cash          ----    0
Card Type            ----    Visa
Account Number       ----    4012888888881881
Change Givin         ----    0





Transaction Number   ----    070009536561
=============================================
Date                 ----    06-07-2024
Time                 ----    07:00:09:53
Total Items          ----    1
Total                ----    100
Paying Cash          ----    0
Card Type            ----    Visa
Account Number       ----    4012888888881881
Change Givin         ----    0





Transaction Number   ----    070155799957
=============================================
Date                 ----    06-07-2024
Time                 ----    07:01:55:79
Total Items          ----    1
Total                ----    100.25
Paying Cash          ----    0
Card Type            ----    Visa
Account Number       ----    4012888888881881
Change Givin         ----    0





Transaction Number   ----    071910767981
=============================================
Date                 ----    06-07-2024
Time                 ----    07:19:10:76
Total Items          ----    1
Total                ----    100
Paying Cash          ----    100
Card Type            ----    N/A
Account Number       ----    N/A
Change Givin         ----    30





Transaction Number   ----    072135765171
=============================================
Date                 ----    06-07-2024
Time                 ----    07:21:35:76
Total Items          ----    0
Total                ----    0
Paying Cash          ----    10
Card Type            ----    N/A
Account Number       ----    N/A
Change Givin         ----    0





Transaction Number   ----    072337532171
=============================================
Date                 ----    06-07-2024
Time                 ----    07:23:37:53
Total Items          ----    1
Total                ----    100.25
Paying Cash          ----    20
Card Type            ----    N/A
Account Number       ----    N/A
Change Givin         ----    19.75





Transaction Number   ----    072420139457
=============================================
Date                 ----    06-07-2024
Time                 ----    07:24:20:13
Total Items          ----    1
Total                ----    100.02
Paying Cash          ----    20
Card Type            ----    N/A
Account Number       ----    N/A
Change Givin         ----    19.980000000000004





Transaction Number   ----    072520859283
=============================================
Date                 ----    06-07-2024
Time                 ----    07:25:20:85
Total Items          ----    1
Total                ----    100.25
Paying Cash          ----    100
Card Type            ----    N/A
Account Number       ----    N/A
Change Givin         ----    99.75





Transaction Number   ----    072708421308
=============================================
Date                 ----    06-07-2024
Time                 ----    07:27:08:42
Total Items          ----    1
Total                ----    100.25
Paying Cash          ----    20
Card Type            ----    N/A
Account Number       ----    N/A
Change Givin         ----    19.75





Transaction Number   ----    072845872899
=============================================
Date                 ----    06-07-2024
Time                 ----    07:28:45:87
Total Items          ----    1
Total                ----    100
Paying Cash          ----    100
Card Type            ----    N/A
Account Number       ----    N/A
Change Givin         ----    20





Transaction Number   ----    073045301653
=============================================
Date                 ----    06-07-2024
Time                 ----    07:30:45:30
Total Items          ----    1
Total                ----    100
Paying Cash          ----    100
Card Type            ----    N/A
Account Number       ----    N/A
Change Givin         ----    0





Transaction Number   ----    073134591627
=============================================
Date                 ----    06-07-2024
Time                 ----    07:31:34:59
Total Items          ----    1
Total                ----    100
Paying Cash          ----    100
Card Type            ----    N/A
Account Number       ----    N/A
Change Givin         ----    0





Transaction Number   ----    073230476265
=============================================
Date                 ----    06-07-2024
Time                 ----    07:32:30:47
Total Items          ----    1
Total                ----    100
Paying Cash          ----    100
Card Type            ----    N/A
Account Number       ----    N/A
Change Givin         ----    0





Transaction Number   ----    073251176703
=============================================
Date                 ----    06-07-2024
Time                 ----    07:32:51:17
Total Items          ----    1
Total                ----    100
Paying Cash          ----    100
Card Type            ----    N/A
Account Number       ----    N/A
Change Givin         ----    0



