

Transaction Number   ----    1034164908131005
==============================================
Date                 ----    06-10-2024
Time                 ----    10:34:16AM
Total Items          ----    1
Total                ----    10.25
Paying Cash          ----    20
Card Type            ----    N/A
Account Number       ----    N/A
Change Givin         ----    9.75





Transaction Number   ----    1212540671466822
==============================================
Date                 ----    06-10-2024
Time                 ----    12:12:54PM
Total Items          ----    2
Total                ----    30.25
Paying Cash          ----    10
Card Type            ----    N/A
Account Number       ----    N/A
Change Givin         ----    0





Transaction Number   ----    1214111409664754
==============================================
Date                 ----    06-10-2024
Time                 ----    12:14:11PM
Total Items          ----    2
Total                ----    30.25
Paying Cash          ----    10
Card Type            ----    N/A
Account Number       ----    N/A
Change Givin         ----    9.75





Transaction Number   ----    1216069000454035
==============================================
Date                 ----    06-10-2024
Time                 ----    12:16:06PM
Total Items          ----    2
Total                ----    30.25
Paying Cash          ----    20
Card Type            ----    Visa
Account Number       ----    4111111111111111
Change Givin         ----    10





Transaction Number   ----    1216264686424677
==============================================
Date                 ----    06-10-2024
Time                 ----    12:16:26PM
Total Items          ----    2
Total                ----    30.25
Paying Cash          ----    20
Card Type            ----    N/A
Account Number       ----    N/A
Change Givin         ----    0





Transaction Number   ----    1221375663583126
==============================================
Date                 ----    06-10-2024
Time                 ----    12:21:37PM
Total Items          ----    2
Total                ----    30.25
Paying Cash          ----    20
Card Type            ----    N/A
Account Number       ----    N/A
Change Givin         ----    0





Transaction Number   ----    1222398237923417
==============================================
Date                 ----    06-10-2024
Time                 ----    12:22:39PM
Total Items          ----    2
Total                ----    30.25
Paying Cash          ----    10
Card Type            ----    N/A
Account Number       ----    N/A
Change Givin         ----    0





Transaction Number   ----    1223245450197251
==============================================
Date                 ----    06-10-2024
Time                 ----    12:23:24PM
Total Items          ----    2
Total                ----    30.25
Paying Cash          ----    10
Card Type            ----    N/A
Account Number       ----    N/A
Change Givin         ----    0





Transaction Number   ----    1227280097480349
==============================================
Date                 ----    06-10-2024
Time                 ----    12:27:28PM
Total Items          ----    2
Total                ----    20.5
Paying Cash          ----    10
Card Type            ----    N/A
Account Number       ----    N/A
Change Givin         ----    0





Transaction Number   ----    1228130547504415
==============================================
Date                 ----    06-10-2024
Time                 ----    12:28:13PM
Total Items          ----    2
Total                ----    30.25
Paying Cash          ----    10
Card Type            ----    N/A
Account Number       ----    N/A
Change Givin         ----    9.75





Transaction Number   ----    1232492284126808
==============================================
Date                 ----    06-10-2024
Time                 ----    12:32:49PM
Total Items          ----    1
Total                ----    10.25
Paying Cash          ----    10
Card Type            ----    Visa
Account Number       ----    4111111111111111
Change Givin         ----    10





Transaction Number   ----    1233053588345987
==============================================
Date                 ----    06-10-2024
Time                 ----    12:33:05PM
Total Items          ----    1
Total                ----    10.25
Paying Cash          ----    10
Card Type            ----    N/A
Account Number       ----    N/A
Change Givin         ----    0





Transaction Number   ----    1233567895319665
==============================================
Date                 ----    06-10-2024
Time                 ----    12:33:56PM
Total Items          ----    1
Total                ----    10.25
Paying Cash          ----    0
Card Type            ----    Visa
Account Number       ----    4111111111111111
Change Givin         ----    10





Transaction Number   ----    1235451172888971
==============================================
Date                 ----    06-10-2024
Time                 ----    12:35:45PM
Total Items          ----    1
Total                ----    10.25
Paying Cash          ----    10
Card Type            ----    N/A
Account Number       ----    N/A
Change Givin         ----    0





Transaction Number   ----    1238027817984559
==============================================
Date                 ----    06-10-2024
Time                 ----    12:38:02PM
Total Items          ----    2
Total                ----    30.25
Paying Cash          ----    10
Card Type            ----    Visa
Account Number       ----    4111111111111111
Change Givin         ----    9.75





Transaction Number   ----    1241313571598467
==============================================
Date                 ----    06-10-2024
Time                 ----    12:41:31PM
Total Items          ----    2
Total                ----    30.2
Paying Cash          ----    0
Card Type            ----    Visa
Account Number       ----    4111111111111111
Change Givin         ----    0





Transaction Number   ----    1242547053355248
==============================================
Date                 ----    06-10-2024
Time                 ----    12:42:54PM
Total Items          ----    2
Total                ----    30.26
Paying Cash          ----    0
Card Type            ----    Visa
Account Number       ----    4111111111111111
Change Givin         ----    0





Transaction Number   ----    1243108317611767
==============================================
Date                 ----    06-10-2024
Time                 ----    12:43:10PM
Total Items          ----    2
Total                ----    30.25
Paying Cash          ----    10
Card Type            ----    Visa
Account Number       ----    4111111111111111
Change Givin         ----    9.75





Transaction Number   ----    1250264404964933
==============================================
Date                 ----    06-10-2024
Time                 ----    12:50:26PM
Total Items          ----    1
Total                ----    5
Paying Cash          ----    0
Card Type            ----    Visa
Account Number       ----    4111111111111111
Change Givin         ----    0





Transaction Number   ----    0105406084576513
==============================================
Date                 ----    06-10-2024
Time                 ----    01:05:40PM
Total Items          ----    2
Total                ----    30.25
Paying Cash          ----    20
Card Type            ----    N/A
Account Number       ----    N/A
Change Givin         ----    0





Transaction Number   ----    0110096256494525
==============================================
Date                 ----    06-10-2024
Time                 ----    01:10:09PM
Total Items          ----    2
Total                ----    30.25
Paying Cash          ----    20
Card Type            ----    N/A
Account Number       ----    N/A
Change Givin         ----    0





Transaction Number   ----    0111072209264709
==============================================
Date                 ----    06-10-2024
Time                 ----    01:11:07PM
Total Items          ----    2
Total                ----    30.25
Paying Cash          ----    20
Card Type            ----    N/A
Account Number       ----    N/A
Change Givin         ----    0





Transaction Number   ----    0111252252248080
==============================================
Date                 ----    06-10-2024
Time                 ----    01:11:25PM
Total Items          ----    1
Total                ----    10.25
Paying Cash          ----    20
Card Type            ----    N/A
Account Number       ----    N/A
Change Givin         ----    9.75





Transaction Number   ----    0131341619938155
==============================================
Date                 ----    06-10-2024
Time                 ----    01:31:34PM
Total Items          ----    2
Total                ----    30.25
Paying Cash          ----    20
Card Type            ----    N/A
Account Number       ----    N/A
Change Givin         ----    0





Transaction Number   ----    0145268361317482
==============================================
Date                 ----    06-10-2024
Time                 ----    01:45:26PM
Total Items          ----    2
Total                ----    30.25
Paying Cash          ----    20
Card Type            ----    N/A
Account Number       ----    N/A
Change Givin         ----    0





Transaction Number   ----    0148146323306462
==============================================
Date                 ----    06-10-2024
Time                 ----    01:48:14PM
Total Items          ----    2
Total                ----    30.25
Paying Cash          ----    20
Card Type            ----    N/A
Account Number       ----    N/A
Change Givin         ----    0





Transaction Number   ----    0152301022322761
==============================================
Date                 ----    06-10-2024
Time                 ----    01:52:30PM
Total Items          ----    2
Total                ----    30.25
Paying Cash          ----    20
Card Type            ----    N/A
Account Number       ----    N/A
Change Givin         ----    0





Transaction Number   ----    0153533429310556
==============================================
Date                 ----    06-10-2024
Time                 ----    01:53:53PM
Total Items          ----    2
Total                ----    30.25
Paying Cash          ----    20
Card Type            ----    N/A
Account Number       ----    N/A
Change Givin         ----    0





Transaction Number   ----    0155023561150200
==============================================
Date                 ----    06-10-2024
Time                 ----    01:55:02PM
Total Items          ----    2
Total                ----    30.25
Paying Cash          ----    20
Card Type            ----    N/A
Account Number       ----    N/A
Change Givin         ----    0





Transaction Number   ----    0155441737849626
==============================================
Date                 ----    06-10-2024
Time                 ----    01:55:44PM
Total Items          ----    2
Total                ----    30.25
Paying Cash          ----    20
Card Type            ----    N/A
Account Number       ----    N/A
Change Givin         ----    0





Transaction Number   ----    0218390665614531
==============================================
Date                 ----    06-10-2024
Time                 ----    02:18:39PM
Total Items          ----    2
Total                ----    30.25
Paying Cash          ----    20
Card Type            ----    N/A
Account Number       ----    N/A
Change Givin         ----    0





Transaction Number   ----    0231425144631757
==============================================
Date                 ----    06-10-2024
Time                 ----    02:31:42PM
Total Items          ----    2
Total                ----    30.25
Paying Cash          ----    20
Card Type            ----    N/A
Account Number       ----    N/A
Change Givin         ----    0





Transaction Number   ----    0232503283911952
==============================================
Date                 ----    06-10-2024
Time                 ----    02:32:50PM
Total Items          ----    2
Total                ----    30.25
Paying Cash          ----    20
Card Type            ----    N/A
Account Number       ----    N/A
Change Givin         ----    0





Transaction Number   ----    0238177776210817
==============================================
Date                 ----    06-10-2024
Time                 ----    02:38:17PM
Total Items          ----    2
Total                ----    30.25
Paying Cash          ----    0
Card Type            ----    Visa
Account Number       ----    4111111111111111
Change Givin         ----    0





Transaction Number   ----    0249266886720676
==============================================
Date                 ----    06-10-2024
Time                 ----    02:49:26PM
Total Items          ----    2
Total                ----    30.25
Paying Cash          ----    20
Card Type            ----    N/A
Account Number       ----    N/A
Change Givin         ----    0





Transaction Number   ----    0250579184518725
==============================================
Date                 ----    06-10-2024
Time                 ----    02:50:57PM
Total Items          ----    2
Total                ----    30.25
Paying Cash          ----    20
Card Type            ----    N/A
Account Number       ----    N/A
Change Givin         ----    0





Transaction Number   ----    0253124265250995
==============================================
Date                 ----    06-10-2024
Time                 ----    02:53:12PM
Total Items          ----    2
Total                ----    30.25
Paying Cash          ----    50
Card Type            ----    Visa
Account Number       ----    4111111111111111
Change Givin         ----    19.75





Transaction Number   ----    0255431012872988
==============================================
Date                 ----    06-10-2024
Time                 ----    02:55:43PM
Total Items          ----    2
Total                ----    30.25
Paying Cash          ----    20
Card Type            ----    N/A
Account Number       ----    N/A
Change Givin         ----    0





Transaction Number   ----    0259286567553144
==============================================
Date                 ----    06-10-2024
Time                 ----    02:59:28PM
Total Items          ----    2
Total                ----    30.25
Paying Cash          ----    20
Card Type            ----    N/A
Account Number       ----    N/A
Change Givin         ----    0





Transaction Number   ----    0301195342443350
==============================================
Date                 ----    06-10-2024
Time                 ----    03:01:19PM
Total Items          ----    2
Total                ----    30.25
Paying Cash          ----    0
Card Type            ----    N/A
Account Number       ----    N/A
Change Givin         ----    0





Transaction Number   ----    0303256163566458
==============================================
Date                 ----    06-10-2024
Time                 ----    03:03:25PM
Total Items          ----    2
Total                ----    30.25
Paying Cash          ----    10
Card Type            ----    N/A
Account Number       ----    N/A
Change Givin         ----    4.75





Transaction Number   ----    0304355443680555
==============================================
Date                 ----    06-10-2024
Time                 ----    03:04:35PM
Total Items          ----    2
Total                ----    30.25
Paying Cash          ----    10
Card Type            ----    N/A
Account Number       ----    N/A
Change Givin         ----    4.75





Transaction Number   ----    0306086480377500
==============================================
Date                 ----    06-10-2024
Time                 ----    03:06:08PM
Total Items          ----    2
Total                ----    30.25
Paying Cash          ----    20
Card Type            ----    Visa
Account Number       ----    4111111111111111
Change Givin         ----    14.75





Transaction Number   ----    0322164606840410
==============================================
Date                 ----    06-10-2024
Time                 ----    03:22:16PM
Total Items          ----    2
Total                ----    30.25
Paying Cash          ----    5
Card Type            ----    Visa
Account Number       ----    4111111111111111
Change Givin         ----    5





Transaction Number   ----    0322493472405937
==============================================
Date                 ----    06-10-2024
Time                 ----    03:22:49PM
Total Items          ----    2
Total                ----    30.25
Paying Cash          ----    5
Card Type            ----    Visa
Account Number       ----    4111111111111111
Change Givin         ----    0





Transaction Number   ----    0330568064561719
==============================================
Date                 ----    06-10-2024
Time                 ----    03:30:56PM
Total Items          ----    1
Total                ----    10
Paying Cash          ----    0
Card Type            ----    N/A
Account Number       ----    N/A
Change Givin         ----    0





Transaction Number   ----    0342215676999645
==============================================
Date                 ----    06-10-2024
Time                 ----    03:42:21PM
Total Items          ----    2
Total                ----    60.25
Paying Cash          ----    2
Card Type            ----    N/A
Account Number       ----    N/A
Change Givin         ----    0





Transaction Number   ----    0347391760947711
==============================================
Date                 ----    06-10-2024
Time                 ----    03:47:39PM
Total Items          ----    2
Total                ----    30.25
Paying Cash          ----    20
Card Type            ----    Visa
Account Number       ----    4111111111111111
Change Givin         ----    16.06



