

Transaction Number   ----    1213565847186889
==============================================
Date                 ----    06-11-2024
Time                 ----    12:13:56PM
Total Items          ----    2
Total                ----    30.25
Paying Cash          ----    100
Card Type            ----    N/A
Account Number       ----    N/A
Change Givin         ----    69.75





Transaction Number   ----    1234076879471736
==============================================
Date                 ----    06-11-2024
Time                 ----    12:34:07PM
Total Items          ----    2
Total                ----    30.25
Paying Cash          ----    100
Card Type            ----    N/A
Account Number       ----    N/A
Change Givin         ----    69.75





Transaction Number   ----    1253574032485431
==============================================
Date                 ----    06-11-2024
Time                 ----    12:53:57PM
Total Items          ----    1
Total                ----    10.25
Paying Cash          ----    100
Card Type            ----    N/A
Account Number       ----    N/A
Change Givin         ----    89.75





Transaction Number   ----    1254572130871002
==============================================
Date                 ----    06-11-2024
Time                 ----    12:54:57PM
Total Items          ----    1
Total                ----    10.25
Paying Cash          ----    100
Card Type            ----    N/A
Account Number       ----    N/A
Change Givin         ----    89.75





Transaction Number   ----    1256260750486175
==============================================
Date                 ----    06-11-2024
Time                 ----    12:56:26PM
Total Items          ----    1
Total                ----    10.25
Paying Cash          ----    100
Card Type            ----    Visa
Account Number       ----    4111111111111111
Change Givin         ----    10





Transaction Number   ----    1258539015686809
==============================================
Date                 ----    06-11-2024
Time                 ----    12:58:53PM
Total Items          ----    1
Total                ----    10.25
Paying Cash          ----    0.05
Card Type            ----    Visa
Account Number       ----    4111111111111111
Change Givin         ----    0





Transaction Number   ----    0100179735858476
==============================================
Date                 ----    06-11-2024
Time                 ----    01:00:17PM
Total Items          ----    2
Total                ----    30.25
Paying Cash          ----    100
Card Type            ----    N/A
Account Number       ----    N/A
Change Givin         ----    69.75





Transaction Number   ----    0102438180253158
==============================================
Date                 ----    06-11-2024
Time                 ----    01:02:43PM
Total Items          ----    1
Total                ----    10.25
Paying Cash          ----    100
Card Type            ----    N/A
Account Number       ----    N/A
Change Givin         ----    89.75





Transaction Number   ----    0103249651542184
==============================================
Date                 ----    06-11-2024
Time                 ----    01:03:24PM
Total Items          ----    1
Total                ----    10.25
Paying Cash          ----    100
Card Type            ----    N/A
Account Number       ----    N/A
Change Givin         ----    89.75





Transaction Number   ----    0103518765803933
==============================================
Date                 ----    06-11-2024
Time                 ----    01:03:51PM
Total Items          ----    1
Total                ----    10.25
Paying Cash          ----    100
Card Type            ----    N/A
Account Number       ----    N/A
Change Givin         ----    89.75





Transaction Number   ----    0104008655160832
==============================================
Date                 ----    06-11-2024
Time                 ----    01:04:00PM
Total Items          ----    1
Total                ----    10.2
Paying Cash          ----    100
Card Type            ----    Visa
Account Number       ----    4111111111111111
Change Givin         ----    89.8





Transaction Number   ----    0105549617446565
==============================================
Date                 ----    06-11-2024
Time                 ----    01:05:54PM
Total Items          ----    1
Total                ----    10.25
Paying Cash          ----    0
Card Type            ----    Visa
Account Number       ----    4111111111111111
Change Givin         ----    0





Transaction Number   ----    0106468340799549
==============================================
Date                 ----    06-11-2024
Time                 ----    01:06:46PM
Total Items          ----    1
Total                ----    10.25
Paying Cash          ----    100
Card Type            ----    N/A
Account Number       ----    N/A
Change Givin         ----    89.75





Transaction Number   ----    0110466180332909
==============================================
Date                 ----    06-11-2024
Time                 ----    01:10:46PM
Total Items          ----    1
Total                ----    10.25
Paying Cash          ----    0
Card Type            ----    Visa
Account Number       ----    4111111111111111
Change Givin         ----    0





Transaction Number   ----    0114190701852638
==============================================
Date                 ----    06-11-2024
Time                 ----    01:14:19PM
Total Items          ----    1
Total                ----    10.25
Paying Cash          ----    0
Card Type            ----    Visa
Account Number       ----    4111111111111111
Change Givin         ----    0





Transaction Number   ----    0116321536468782
==============================================
Date                 ----    06-11-2024
Time                 ----    01:16:32PM
Total Items          ----    1
Total                ----    10.25
Paying Cash          ----    0
Card Type            ----    Visa
Account Number       ----    4111111111111111
Change Givin         ----    0





Transaction Number   ----    0121025502798823
==============================================
Date                 ----    06-11-2024
Time                 ----    01:21:02PM
Total Items          ----    1
Total                ----    10.25
Paying Cash          ----    100
Card Type            ----    Visa
Account Number       ----    4111111111111111
Change Givin         ----    89.75





Transaction Number   ----    0122266639731904
==============================================
Date                 ----    06-11-2024
Time                 ----    01:22:26PM
Total Items          ----    1
Total                ----    10.25
Paying Cash          ----    10
Card Type            ----    Visa
Account Number       ----    4111111111111111
Change Givin         ----    5.17





Transaction Number   ----    0123179756630096
==============================================
Date                 ----    06-11-2024
Time                 ----    01:23:17PM
Total Items          ----    1
Total                ----    10.25
Paying Cash          ----    10
Card Type            ----    Visa
Account Number       ----    4111111111111111
Change Givin         ----    5.17





Transaction Number   ----    0125022508256372
==============================================
Date                 ----    06-11-2024
Time                 ----    01:25:02PM
Total Items          ----    1
Total                ----    10.25
Paying Cash          ----    10
Card Type            ----    Visa
Account Number       ----    4111111111111111
Change Givin         ----    5.17





Transaction Number   ----    0125209596560645
==============================================
Date                 ----    06-11-2024
Time                 ----    01:25:20PM
Total Items          ----    1
Total                ----    10.25
Paying Cash          ----    10
Card Type            ----    Visa
Account Number       ----    4111111111111111
Change Givin         ----    1.8





Transaction Number   ----    0132223675676345
==============================================
Date                 ----    06-11-2024
Time                 ----    01:32:22PM
Total Items          ----    2
Total                ----    30.25
Paying Cash          ----    20
Card Type            ----    Visa
Account Number       ----    4111111111111111
Change Givin         ----    14.5





Transaction Number   ----    0132583952220392
==============================================
Date                 ----    06-11-2024
Time                 ----    01:32:58PM
Total Items          ----    2
Total                ----    80.5
Paying Cash          ----    10
Card Type            ----    Visa
Account Number       ----    4111111111111111
Change Givin         ----    10





Transaction Number   ----    0135113094124678
==============================================
Date                 ----    06-11-2024
Time                 ----    01:35:11PM
Total Items          ----    2
Total                ----    60.25
Paying Cash          ----    100
Card Type            ----    N/A
Account Number       ----    N/A
Change Givin         ----    39.75





Transaction Number   ----    0137305562371827
==============================================
Date                 ----    06-11-2024
Time                 ----    01:37:30PM
Total Items          ----    1
Total                ----    10
Paying Cash          ----    1000
Card Type            ----    Visa
Account Number       ----    4111111111111111
Change Givin         ----    275.28



